build/outputs/logs/manifest-merger-debug-report.txt
-- Merging decision tree log ---
manifest
ADDED from jtIot\AndroidManifest.xml:2:1-176:12
INJECTED from jtIot\AndroidManifest.xml:2:1-176:12
INJECTED from jtIot\AndroidManifest.xml:2:1-176:12
INJECTED from jtIot\AndroidManifest.xml:2:1-176:12
INJECTED from jtIot\AndroidManifest.xml:2:1-176:12
INJECTED from jtIot\AndroidManifest.xml:2:1-176:12
INJECTED from jtIot\AndroidManifest.xml:2:1-176:12
	package
		ADDED from jtIot\AndroidManifest.xml:3:5-25
		INJECTED from jtIot\AndroidManifest.xml
		INJECTED from jtIot\AndroidManifest.xml
	android:versionName
		ADDED from jtIot\AndroidManifest.xml:5:5-30
		INJECTED from jtIot\AndroidManifest.xml
		INJECTED from jtIot\AndroidManifest.xml
	xmlns:android
		ADDED from jtIot\AndroidManifest.xml:2:11-69
	android:versionCode
		ADDED from jtIot\AndroidManifest.xml:4:5-28
		INJECTED from jtIot\AndroidManifest.xml
		INJECTED from jtIot\AndroidManifest.xml
uses-sdk
ADDED from jtIot\AndroidManifest.xml:7:5-9:41
INJECTED from jtIot\AndroidManifest.xml:7:5-9:41
INJECTED from jtIot\AndroidManifest.xml:7:5-9:41
INJECTED from jtIot\AndroidManifest.xml:7:5-9:41
INJECTED from jtIot\AndroidManifest.xml:7:5-9:41
	android:targetSdkVersion
		ADDED from jtIot\AndroidManifest.xml:9:9-38
		INJECTED from jtIot\AndroidManifest.xml
		INJECTED from jtIot\AndroidManifest.xml
	android:minSdkVersion
		ADDED from jtIot\AndroidManifest.xml:8:9-35
		INJECTED from jtIot\AndroidManifest.xml
		INJECTED from jtIot\AndroidManifest.xml
permission#oem.permission.SENDMAIL
ADDED from jtIot\AndroidManifest.xml:11:5-14:18
	android:protectionLevel
		ADDED from jtIot\AndroidManifest.xml:13:9-41
	android:name
		ADDED from jtIot\AndroidManifest.xml:12:9-47
uses-permission#android.permission.INTERNET
ADDED from jtIot\AndroidManifest.xml:16:5-67
	android:name
		ADDED from jtIot\AndroidManifest.xml:16:22-64
uses-permission#android.permission.ACCESS_NETWORK_STATE
ADDED from jtIot\AndroidManifest.xml:17:5-79
	android:name
		ADDED from jtIot\AndroidManifest.xml:17:22-76
uses-permission#android.permission.WRITE_EXTERNAL_STORAGE
ADDED from jtIot\AndroidManifest.xml:18:5-81
	android:name
		ADDED from jtIot\AndroidManifest.xml:18:22-78
uses-permission#android.permission.MOUNT_UNMOUNT_FILESYSTEMS
ADDED from jtIot\AndroidManifest.xml:19:5-84
	android:name
		ADDED from jtIot\AndroidManifest.xml:19:22-81
uses-permission#android.permission.VIBRATE
ADDED from jtIot\AndroidManifest.xml:20:5-66
	android:name
		ADDED from jtIot\AndroidManifest.xml:20:22-63
application
ADDED from jtIot\AndroidManifest.xml:22:5-174:19
	android:label
		ADDED from jtIot\AndroidManifest.xml:25:9-41
	android:icon
		ADDED from jtIot\AndroidManifest.xml:24:9-45
	android:allowBackup
		ADDED from jtIot\AndroidManifest.xml:23:9-35
	android:theme
		ADDED from jtIot\AndroidManifest.xml:26:9-40
activity#song.jtslkj.activity.SplashActivity
ADDED from jtIot\AndroidManifest.xml:27:9-36:20
	android:label
		ADDED from jtIot\AndroidManifest.xml:29:13-45
	android:theme
		ADDED from jtIot\AndroidManifest.xml:30:13-60
	android:name
		ADDED from jtIot\AndroidManifest.xml:28:13-63
intent-filter#action:name:android.intent.action.MAIN+category:name:android.intent.category.LAUNCHER
ADDED from jtIot\AndroidManifest.xml:31:13-35:29
action#android.intent.action.MAIN
ADDED from jtIot\AndroidManifest.xml:32:17-69
	android:name
		ADDED from jtIot\AndroidManifest.xml:32:25-66
category#android.intent.category.LAUNCHER
ADDED from jtIot\AndroidManifest.xml:34:17-77
	android:name
		ADDED from jtIot\AndroidManifest.xml:34:27-74
activity#song.jtslkj.activity.SplashBaseActivity
ADDED from jtIot\AndroidManifest.xml:37:9-41:20
	android:label
		ADDED from jtIot\AndroidManifest.xml:39:13-45
	android:theme
		ADDED from jtIot\AndroidManifest.xml:40:13-60
	android:name
		ADDED from jtIot\AndroidManifest.xml:38:13-67
activity#song.jtslkj.activity.LoginActivity
ADDED from jtIot\AndroidManifest.xml:42:9-46:20
	android:label
		ADDED from jtIot\AndroidManifest.xml:44:13-45
	android:theme
		ADDED from jtIot\AndroidManifest.xml:45:13-60
	android:name
		ADDED from jtIot\AndroidManifest.xml:43:13-62
activity#song.jtslkj.activity.MainActivity
ADDED from jtIot\AndroidManifest.xml:47:9-51:20
	android:label
		ADDED from jtIot\AndroidManifest.xml:49:13-45
	android:theme
		ADDED from jtIot\AndroidManifest.xml:50:13-60
	android:name
		ADDED from jtIot\AndroidManifest.xml:48:13-61
activity#song.jtslkj.activity.BaijiaBudgetActivity
ADDED from jtIot\AndroidManifest.xml:52:9-56:20
	android:label
		ADDED from jtIot\AndroidManifest.xml:54:13-45
	android:theme
		ADDED from jtIot\AndroidManifest.xml:55:13-60
	android:name
		ADDED from jtIot\AndroidManifest.xml:53:13-69
activity#song.jtslkj.activity.LoginGestureGuidePasswordActivity
ADDED from jtIot\AndroidManifest.xml:57:9-61:20
	android:label
		ADDED from jtIot\AndroidManifest.xml:59:13-45
	android:theme
		ADDED from jtIot\AndroidManifest.xml:60:13-60
	android:name
		ADDED from jtIot\AndroidManifest.xml:58:13-82
activity#song.jtslkj.activity.LoginGestureCreatePasswordActivity
ADDED from jtIot\AndroidManifest.xml:62:9-66:20
	android:label
		ADDED from jtIot\AndroidManifest.xml:64:13-45
	android:theme
		ADDED from jtIot\AndroidManifest.xml:65:13-60
	android:name
		ADDED from jtIot\AndroidManifest.xml:63:13-83
activity#song.jtslkj.activity.LoginGestureUnlockPasswordActivity
ADDED from jtIot\AndroidManifest.xml:67:9-71:20
	android:label
		ADDED from jtIot\AndroidManifest.xml:69:13-45
	android:theme
		ADDED from jtIot\AndroidManifest.xml:70:13-60
	android:name
		ADDED from jtIot\AndroidManifest.xml:68:13-83
activity#song.jtslkj.activity.BaijiaBudgetAddSingleActivity
ADDED from jtIot\AndroidManifest.xml:72:9-76:20
	android:label
		ADDED from jtIot\AndroidManifest.xml:74:13-45
	android:theme
		ADDED from jtIot\AndroidManifest.xml:75:13-60
	android:name
		ADDED from jtIot\AndroidManifest.xml:73:13-78
activity#song.jtslkj.activity.BaijiaBudgetAddBatchActivity
ADDED from jtIot\AndroidManifest.xml:77:9-81:20
	android:label
		ADDED from jtIot\AndroidManifest.xml:79:13-45
	android:theme
		ADDED from jtIot\AndroidManifest.xml:80:13-60
	android:name
		ADDED from jtIot\AndroidManifest.xml:78:13-77
activity#song.jtslkj.activity.BaijiaBudgetDetailActivity
ADDED from jtIot\AndroidManifest.xml:82:9-86:20
	android:label
		ADDED from jtIot\AndroidManifest.xml:84:13-45
	android:theme
		ADDED from jtIot\AndroidManifest.xml:85:13-60
	android:name
		ADDED from jtIot\AndroidManifest.xml:83:13-75
activity#song.jtslkj.activity.BaijiaConsumeActivity
ADDED from jtIot\AndroidManifest.xml:87:9-91:20
	android:label
		ADDED from jtIot\AndroidManifest.xml:89:13-45
	android:theme
		ADDED from jtIot\AndroidManifest.xml:90:13-60
	android:name
		ADDED from jtIot\AndroidManifest.xml:88:13-70
activity#song.jtslkj.activity.HejiaActivity
ADDED from jtIot\AndroidManifest.xml:92:9-96:20
	android:label
		ADDED from jtIot\AndroidManifest.xml:94:13-45
	android:theme
		ADDED from jtIot\AndroidManifest.xml:95:13-60
	android:name
		ADDED from jtIot\AndroidManifest.xml:93:13-62
activity#song.jtslkj.activity.WojiaSettingContentActivity
ADDED from jtIot\AndroidManifest.xml:97:9-101:20
	android:label
		ADDED from jtIot\AndroidManifest.xml:99:13-45
	android:theme
		ADDED from jtIot\AndroidManifest.xml:100:13-60
	android:name
		ADDED from jtIot\AndroidManifest.xml:98:13-76
activity#song.jtslkj.activity.WojiaSettingActivity
ADDED from jtIot\AndroidManifest.xml:102:9-106:20
	android:label
		ADDED from jtIot\AndroidManifest.xml:104:13-45
	android:theme
		ADDED from jtIot\AndroidManifest.xml:105:13-60
	android:name
		ADDED from jtIot\AndroidManifest.xml:103:13-69
activity#song.jtslkj.activity.WojiaZujiActivity
ADDED from jtIot\AndroidManifest.xml:107:9-111:20
	android:label
		ADDED from jtIot\AndroidManifest.xml:109:13-45
	android:theme
		ADDED from jtIot\AndroidManifest.xml:110:13-60
	android:name
		ADDED from jtIot\AndroidManifest.xml:108:13-66
activity#song.jtslkj.activity.WojiaActivity
ADDED from jtIot\AndroidManifest.xml:112:9-116:20
	android:label
		ADDED from jtIot\AndroidManifest.xml:114:13-45
	android:theme
		ADDED from jtIot\AndroidManifest.xml:115:13-60
	android:name
		ADDED from jtIot\AndroidManifest.xml:113:13-62
activity#song.jtslkj.activity.BaijiaConsumeAddActivity
ADDED from jtIot\AndroidManifest.xml:117:9-121:20
	android:label
		ADDED from jtIot\AndroidManifest.xml:119:13-45
	android:theme
		ADDED from jtIot\AndroidManifest.xml:120:13-60
	android:name
		ADDED from jtIot\AndroidManifest.xml:118:13-73
activity#song.jtslkj.activity.BaijiaConsumeSearchActivity
ADDED from jtIot\AndroidManifest.xml:122:9-126:20
	android:label
		ADDED from jtIot\AndroidManifest.xml:124:13-45
	android:theme
		ADDED from jtIot\AndroidManifest.xml:125:13-60
	android:name
		ADDED from jtIot\AndroidManifest.xml:123:13-76
activity#song.jtslkj.activity.BaijiaConsumeSearchResultActivity
ADDED from jtIot\AndroidManifest.xml:127:9-131:20
	android:label
		ADDED from jtIot\AndroidManifest.xml:129:13-45
	android:theme
		ADDED from jtIot\AndroidManifest.xml:130:13-60
	android:name
		ADDED from jtIot\AndroidManifest.xml:128:13-82
activity#song.jtslkj.activity.BaijiaConsumeDetailActivity
ADDED from jtIot\AndroidManifest.xml:132:9-136:20
	android:label
		ADDED from jtIot\AndroidManifest.xml:134:13-45
	android:theme
		ADDED from jtIot\AndroidManifest.xml:135:13-60
	android:name
		ADDED from jtIot\AndroidManifest.xml:133:13-76
activity#song.jtslkj.activity.ChijiaWorkAddActivity
ADDED from jtIot\AndroidManifest.xml:137:9-141:20
	android:label
		ADDED from jtIot\AndroidManifest.xml:139:13-45
	android:theme
		ADDED from jtIot\AndroidManifest.xml:140:13-60
	android:name
		ADDED from jtIot\AndroidManifest.xml:138:13-70
activity#song.jtslkj.activity.ChijiaWorkDetailActivity
ADDED from jtIot\AndroidManifest.xml:142:9-146:20
	android:label
		ADDED from jtIot\AndroidManifest.xml:144:13-45
	android:theme
		ADDED from jtIot\AndroidManifest.xml:145:13-60
	android:name
		ADDED from jtIot\AndroidManifest.xml:143:13-73
activity#song.jtslkj.activity.ChijiaWorkSettleActivity
ADDED from jtIot\AndroidManifest.xml:147:9-151:20
	android:label
		ADDED from jtIot\AndroidManifest.xml:149:13-45
	android:theme
		ADDED from jtIot\AndroidManifest.xml:150:13-60
	android:name
		ADDED from jtIot\AndroidManifest.xml:148:13-73
activity#song.jtslkj.activity.ChijiaActivity
ADDED from jtIot\AndroidManifest.xml:152:9-156:20
	android:label
		ADDED from jtIot\AndroidManifest.xml:154:13-45
	android:theme
		ADDED from jtIot\AndroidManifest.xml:155:13-60
	android:name
		ADDED from jtIot\AndroidManifest.xml:153:13-63
activity#song.jtslkj.activity.ChijiaIncomeAddActivity
ADDED from jtIot\AndroidManifest.xml:157:9-161:20
	android:label
		ADDED from jtIot\AndroidManifest.xml:159:13-45
	android:theme
		ADDED from jtIot\AndroidManifest.xml:160:13-60
	android:name
		ADDED from jtIot\AndroidManifest.xml:158:13-72
activity#song.jtslkj.activity.ImageShowerActivity
ADDED from jtIot\AndroidManifest.xml:162:9-165:20
	android:theme
		ADDED from jtIot\AndroidManifest.xml:164:13-46
	android:name
		ADDED from jtIot\AndroidManifest.xml:163:13-68
service#song.jtslkj.service.NotificationService
ADDED from jtIot\AndroidManifest.xml:167:9-173:19
	android:permission
		ADDED from jtIot\AndroidManifest.xml:169:13-57
	android:name
		ADDED from jtIot\AndroidManifest.xml:168:13-67
intent-filter#action:name:XJK_SERVICE
ADDED from jtIot\AndroidManifest.xml:170:13-172:29
action#XJK_SERVICE
ADDED from jtIot\AndroidManifest.xml:171:17-54
	android:name
		ADDED from jtIot\AndroidManifest.xml:171:25-51